<?xml version="1.0" encoding="UTF-8"?>
<!-- Generated by org.testng.reporters.JUnitReportReporter -->
<testsuite hostname="LAPTOP-TP7EK7TR" name="com.test.au.APITest" tests="2" failures="0" timestamp="27 Oct 2019 07:34:05 GMT" time="9.658" errors="0">
  <testcase name="testGET_weather_for_postcode" time="1.948" classname="com.test.au.APITest"/>
  <testcase name="testGET_Postcode_for_latlon" time="7.710" classname="com.test.au.APITest"/>
</testsuite> <!-- com.test.au.APITest -->
